<?xml version="1.0" encoding="UTF-8"?>
<testng-results ignored="0" total="1" passed="1" failed="0" skipped="0">
  <reporter-output>
  </reporter-output>
  <suite started-at="2022-01-11T20:19:19 IST" name="Default suite" finished-at="2022-01-11T20:19:25 IST" duration-ms="5566">
    <groups>
    </groups>
    <test started-at="2022-01-11T20:19:19 IST" name="Default test" finished-at="2022-01-11T20:19:25 IST" duration-ms="5566">
      <class name="ecommerce.products.API.Test_Update_user_details">
        <test-method signature="ListUsers()[pri:0, instance:ecommerce.products.API.Test_Update_user_details@5f058f00]" started-at="2022-01-11T20:19:19 IST" name="ListUsers" finished-at="2022-01-11T20:19:25 IST" duration-ms="5486" status="PASS">
          <reporter-output>
          </reporter-output>
        </test-method> <!-- ListUsers -->
      </class> <!-- ecommerce.products.API.Test_Update_user_details -->
    </test> <!-- Default test -->
  </suite> <!-- Default suite -->
</testng-results>
