<?xml version="1.0" encoding="UTF-8"?>
<!-- Generated by org.testng.reporters.JUnitXMLReporter -->
<testsuite ignored="0" hostname="DESKTOP-PV0FJ1Q" failures="0" tests="2" name="Ecommerce Application Test" time="89.751" errors="0" timestamp="2022-01-20T20:52:00 IST">
  <testcase classname="ecommerce.products.TC.TC_HealthCheck" name="TC_ecommerce_search" time="57.947"/>
  <testcase classname="ecommerce.products.TC.TC_CustomerMenuNavigation" name="TC_CustomerMenu" time="31.723"/>
</testsuite> <!-- Ecommerce Application Test -->
