<?xml version="1.0" encoding="UTF-8"?>
<!-- Generated by org.testng.reporters.JUnitXMLReporter -->
<testsuite ignored="0" hostname="DESKTOP-PV0FJ1Q" failures="0" tests="2" name="Ecommerce Application Test" time="312.316" errors="0" timestamp="2022-01-12T20:08:05 IST">
  <testcase classname="ecommerce.products.API.Test_api_list_users" name="getUsers" time="311.176"/>
  <testcase classname="ecommerce.products.API.Test_Update_user_details" name="ListUsers" time="1.063"/>
</testsuite> <!-- Ecommerce Application Test -->
